<?xml version="1.0" encoding="UTF-8"?>
<!-- Generated by org.testng.reporters.JUnitReportReporter -->
<testsuite hostname="EC2AMAZ-S11DBRH" failures="0" tests="3" name="runner.testCase1Runner" time="5.489" errors="0" timestamp="2024-02-14T05:31:23 GMT" skipped="0">
  <testcase classname="runner.testCase1Runner" name="runScenario" time="0.360"/>
  <testcase classname="runner.testCase1Runner" name="runScenario" time="4.243"/>
  <testcase classname="runner.testCase1Runner" name="runScenario" time="0.886"/>
</testsuite> <!-- runner.testCase1Runner -->
