<?xml version="1.0" encoding="UTF-8"?>
<!-- Generated by org.testng.reporters.JUnitReportReporter -->
<testsuite hostname="EC2AMAZ-S11DBRH" failures="0" tests="1" name="com.user2.CPDTest" time="4.875" errors="0" timestamp="2024-02-09T05:36:41 GMT" skipped="0">
  <testcase classname="com.user2.CPDTest" name="basicAuth" time="4.875"/>
</testsuite> <!-- com.user2.CPDTest -->
