<?xml version="1.0" encoding="UTF-8"?>
<!-- Generated by org.testng.reporters.JUnitReportReporter -->
<testsuite hostname="EC2AMAZ-S11DBRH" failures="0" tests="3" name="TestNgExample.TestNgAnnotation" time="0.040" errors="0" timestamp="2024-02-05T06:18:53 GMT" skipped="1">
  <testcase classname="TestNgExample.TestNgAnnotation" name="Testcase3" time="0.021"/>
  <testcase classname="TestNgExample.TestNgAnnotation" name="testcase1" time="0.019"/>
  <testcase classname="TestNgExample.TestNgAnnotation" name="Testcase2">
    <skipped/>
  </testcase> <!-- Testcase2 -->
</testsuite> <!-- TestNgExample.TestNgAnnotation -->
