<?xml version="1.0" encoding="UTF-8"?>
<!-- Generated by org.testng.reporters.JUnitReportReporter -->
<testsuite hostname="EC2AMAZ-S11DBRH" failures="0" tests="6" name="TestNgExample.GroupingTest" time="0.021" errors="0" timestamp="2024-02-05T05:57:02 GMT" skipped="1">
  <testcase classname="TestNgExample.GroupingTest" name="car3" time="0.004"/>
  <testcase classname="TestNgExample.GroupingTest" name="car1" time="0.003"/>
  <testcase classname="TestNgExample.GroupingTest" name="sedan" time="0.004"/>
  <testcase classname="TestNgExample.GroupingTest" name="Riksaw" time="0.002"/>
  <testcase classname="TestNgExample.GroupingTest" name="AutoRiksaw" time="0.008"/>
  <testcase classname="TestNgExample.GroupingTest" name="car2">
    <skipped/>
  </testcase> <!-- car2 -->
</testsuite> <!-- TestNgExample.GroupingTest -->
