<?xml version="1.0" encoding="UTF-8"?>
<!-- Generated by org.testng.reporters.JUnitReportReporter -->
<testsuite hostname="EC2AMAZ-S11DBRH" failures="0" tests="1" name="com.user2.CPDTest" time="3.171" errors="0" timestamp="2024-02-09T04:28:21 GMT" skipped="0">
  <testcase classname="com.user2.CPDTest" name="deviceModeTest" time="3.171"/>
</testsuite> <!-- com.user2.CPDTest -->
