<?xml version="1.0" encoding="UTF-8"?>
<!-- Generated by org.testng.reporters.JUnitReportReporter -->
<testsuite hostname="EC2AMAZ-S11DBRH" failures="0" tests="1" name="TestNgExample.TestNgPropFile" time="0.014" errors="0" timestamp="2024-02-06T04:42:56 GMT" skipped="0">
  <testcase classname="TestNgExample.TestNgPropFile" name="readingPropFile" time="0.014"/>
</testsuite> <!-- TestNgExample.TestNgPropFile -->
