<?xml version="1.0" encoding="UTF-8"?>
<!-- Generated by org.testng.reporters.JUnitReportReporter -->
<testsuite hostname="EC2AMAZ-S11DBRH" failures="0" tests="1" name="com.user2.Remotetest" time="5.941" errors="0" timestamp="2024-02-08T06:19:23 GMT" skipped="0">
  <testcase classname="com.user2.Remotetest" name="getRemote" time="5.941"/>
</testsuite> <!-- com.user2.Remotetest -->
