<?xml version="1.0" encoding="UTF-8"?>
<!-- Generated by org.testng.reporters.JUnitReportReporter -->
<testsuite hostname="EC2AMAZ-S11DBRH" failures="0" tests="6" name="TestNgExample.TestNgAnnotation" time="0.031" errors="0" timestamp="2024-02-02T05:11:01 GMT" skipped="0">
  <testcase classname="TestNgExample.TestNgAnnotation" name="Testcase3" time="0.008"/>
  <testcase classname="TestNgExample.TestNgAnnotation" name="Testcase3" time="0.004"/>
  <testcase classname="TestNgExample.TestNgAnnotation" name="testcase1" time="0.006"/>
  <testcase classname="TestNgExample.TestNgAnnotation" name="testcase1" time="0.004"/>
  <testcase classname="TestNgExample.TestNgAnnotation" name="Testcase2" time="0.003"/>
  <testcase classname="TestNgExample.TestNgAnnotation" name="Testcase2" time="0.006"/>
</testsuite> <!-- TestNgExample.TestNgAnnotation -->
