<?xml version="1.0" encoding="UTF-8"?>
<!-- Generated by org.testng.reporters.JUnitReportReporter -->
<testsuite hostname="EC2AMAZ-S11DBRH" failures="0" tests="1" name="TestNgExample.Screenshot" time="6.747" errors="0" timestamp="2024-02-08T04:48:33 GMT" skipped="0">
  <testcase classname="TestNgExample.Screenshot" name="getScreenShot" time="6.747"/>
</testsuite> <!-- TestNgExample.Screenshot -->
