<?xml version="1.0" encoding="UTF-8"?>
<!-- Generated by org.testng.reporters.JUnitReportReporter -->
<testsuite hostname="EC2AMAZ-S11DBRH" failures="0" tests="6" name="TestNgExample.GroupingTest" time="0.105" errors="0" timestamp="2024-02-05T06:18:53 GMT" skipped="0">
  <testcase classname="TestNgExample.GroupingTest" name="car2" time="0.003"/>
  <testcase classname="TestNgExample.GroupingTest" name="car3" time="0.015"/>
  <testcase classname="TestNgExample.GroupingTest" name="Riksaw" time="0.022"/>
  <testcase classname="TestNgExample.GroupingTest" name="car1" time="0.020"/>
  <testcase classname="TestNgExample.GroupingTest" name="AutoRiksaw" time="0.019"/>
  <testcase classname="TestNgExample.GroupingTest" name="sedan" time="0.026"/>
</testsuite> <!-- TestNgExample.GroupingTest -->
