<?xml version="1.0" encoding="UTF-8"?>
<!-- Generated by org.testng.reporters.JUnitReportReporter -->
<testsuite hostname="EC2AMAZ-S11DBRH" failures="0" tests="2" name="TestNgExample.CsvReadlineTestNG" time="4.318" errors="0" timestamp="2024-02-07T07:03:03 GMT" skipped="0">
  <testcase classname="TestNgExample.CsvReadlineTestNG" name="testCase1" time="2.507"/>
  <testcase classname="TestNgExample.CsvReadlineTestNG" name="testCase1" time="1.811"/>
</testsuite> <!-- TestNgExample.CsvReadlineTestNG -->
