<?xml version="1.0" encoding="UTF-8"?>
<!-- Generated by org.testng.reporters.JUnitReportReporter -->
<testsuite hostname="EC2AMAZ-S11DBRH" failures="0" tests="2" name="TestNgExample.CsvReadlineTestNG" time="0.012" errors="0" timestamp="2024-02-07T06:18:45 GMT" skipped="0">
  <testcase classname="TestNgExample.CsvReadlineTestNG" name="testCase1" time="0.010"/>
  <testcase classname="TestNgExample.CsvReadlineTestNG" name="testCase1" time="0.002"/>
</testsuite> <!-- TestNgExample.CsvReadlineTestNG -->
