<?xml version="1.0" encoding="UTF-8"?>
<!-- Generated by org.testng.reporters.JUnitReportReporter -->
<testsuite hostname="EC2AMAZ-S11DBRH" failures="0" tests="1" name="com.user2.Remotetest" time="6.812" errors="0" timestamp="2024-02-08T07:29:41 GMT" skipped="0">
  <testcase classname="com.user2.Remotetest" name="getRemote" time="6.812"/>
</testsuite> <!-- com.user2.Remotetest -->
